build/app/intermediates/manifest_merge_blame_file/release/manifest-merger-blame-release-report.txt
1<?xml version="1.0" encoding="utf-8"?>
2<manifest xmlns:android="http://schemas.android.com/apk/res/android"
3    package="com.example.safio_demo"
4    android:versionCode="1"
5    android:versionName="1.0.0" >
6
7    <uses-sdk
8        android:minSdkVersion="16"
8-->src/main/AndroidManifest.xml
9        android:targetSdkVersion="31" />
9-->src/main/AndroidManifest.xml
10
11    <uses-permission android:name="android.permission.FOREGROUND_SERVICE" />
11-->[:assets_audio_player] AndroidManifest.xml:7:5-77
11-->[:assets_audio_player] AndroidManifest.xml:7:22-74
12    <uses-permission android:name="android.permission.VIBRATE" />
12-->[:assets_audio_player] AndroidManifest.xml:8:5-66
12-->[:assets_audio_player] AndroidManifest.xml:8:22-63
13    <uses-permission android:name="android.permission.WAKE_LOCK" />
13-->[:assets_audio_player] AndroidManifest.xml:9:5-68
13-->[:assets_audio_player] AndroidManifest.xml:9:22-65
14    <uses-permission android:name="android.permission.WRITE_EXTERNAL_STORAGE" />
15    <uses-permission android:name="android.permission.READ_PHONE_STATE" />
16    <uses-permission android:name="android.permission.READ_EXTERNAL_STORAGE" />
17    <uses-permission android:name="android.permission.ACCESS_NETWORK_STATE" />
17-->[com.google.android.exoplayer:exoplayer-core:2.15.0] AndroidManifest.xml:24:5-79
17-->[com.google.android.exoplayer:exoplayer-core:2.15.0] AndroidManifest.xml:24:22-76
18
19    <application
20        android:name="android.app.Application"
20-->src/main/AndroidManifest.xml:5:9-42
21        android:appComponentFactory="androidx.core.app.CoreComponentFactory"
21-->[androidx.core:core:1.6.0] AndroidManifest.xml:24:18-86
22        android:icon="@mipmap/ic_launcher"
22-->src/main/AndroidManifest.xml:6:9-43
23        android:label="safio_demo" >
23-->src/main/AndroidManifest.xml:4:9-35
24        <activity
24-->src/main/AndroidManifest.xml:7:9-27:20
25            android:name="com.example.safio_demo.MainActivity"
25-->src/main/AndroidManifest.xml:8:13-41
26            android:configChanges="orientation|keyboardHidden|keyboard|screenSize|smallestScreenSize|locale|layoutDirection|fontScale|screenLayout|density|uiMode"
26-->src/main/AndroidManifest.xml:12:13-163
27            android:exported="true"
27-->src/main/AndroidManifest.xml:9:13-36
28            android:hardwareAccelerated="true"
28-->src/main/AndroidManifest.xml:13:13-47
29            android:launchMode="singleTop"
29-->src/main/AndroidManifest.xml:10:13-43
30            android:theme="@style/LaunchTheme"
30-->src/main/AndroidManifest.xml:11:13-47
31            android:windowSoftInputMode="adjustResize" >
31-->src/main/AndroidManifest.xml:14:13-55
32
33            <!--
34                 Specifies an Android theme to apply to this Activity as soon as
35                 the Android process has started. This theme is visible to the user
36                 while the Flutter UI initializes. After that, this theme continues
37                 to determine the Window background behind the Flutter UI.
38            -->
39            <meta-data
39-->src/main/AndroidManifest.xml:19:13-22:17
40                android:name="io.flutter.embedding.android.NormalTheme"
40-->src/main/AndroidManifest.xml:20:15-70
41                android:resource="@style/NormalTheme" />
41-->src/main/AndroidManifest.xml:21:15-52
42
43            <intent-filter>
43-->src/main/AndroidManifest.xml:23:13-26:29
44                <action android:name="android.intent.action.MAIN" />
44-->src/main/AndroidManifest.xml:24:17-68
44-->src/main/AndroidManifest.xml:24:25-66
45
46                <category android:name="android.intent.category.LAUNCHER" />
46-->src/main/AndroidManifest.xml:25:17-76
46-->src/main/AndroidManifest.xml:25:27-74
47            </intent-filter>
48        </activity>
49        <!--
50             Don't delete the meta-data below.
51             This is used by the Flutter tool to generate GeneratedPluginRegistrant.java
52        -->
53        <meta-data
53-->src/main/AndroidManifest.xml:30:9-32:33
54            android:name="flutterEmbedding"
54-->src/main/AndroidManifest.xml:31:13-44
55            android:value="2" />
55-->src/main/AndroidManifest.xml:32:13-30
56
57        <receiver
57-->[:assets_audio_player] AndroidManifest.xml:12:9-14:39
58            android:name="com.github.florent37.assets_audio_player.notification.NotificationActionReceiver"
58-->[:assets_audio_player] AndroidManifest.xml:13:13-108
59            android:exported="true" />
59-->[:assets_audio_player] AndroidManifest.xml:14:13-36
60        <receiver
60-->[:assets_audio_player] AndroidManifest.xml:15:9-21:20
61            android:name="com.github.florent37.assets_audio_player.notification.CustomMediaButtonReceiver"
61-->[:assets_audio_player] AndroidManifest.xml:16:13-107
62            android:exported="true" >
62-->[:assets_audio_player] AndroidManifest.xml:17:13-36
63            <intent-filter>
63-->[:assets_audio_player] AndroidManifest.xml:18:13-20:29
64                <action android:name="android.intent.action.MEDIA_BUTTON" />
64-->[:assets_audio_player] AndroidManifest.xml:19:17-77
64-->[:assets_audio_player] AndroidManifest.xml:19:25-74
65            </intent-filter>
66        </receiver>
67
68        <service
68-->[:assets_audio_player] AndroidManifest.xml:23:9-33:19
69            android:name="com.github.florent37.assets_audio_player.notification.NotificationService"
69-->[:assets_audio_player] AndroidManifest.xml:24:13-101
70            android:enabled="true"
70-->[:assets_audio_player] AndroidManifest.xml:25:13-35
71            android:exported="true" >
71-->[:assets_audio_player] AndroidManifest.xml:26:13-36
72
73            <!--
74            <intent-filter>
75                <action android:name="android.intent.action.MEDIA_BUTTON" />
76            </intent-filter>
77            -->
78        </service>
79    </application>
80
81</manifest>